<?xml version="1.0" encoding="UTF-8"?>
<!-- Generated by org.testng.reporters.JUnitReportReporter -->
<testsuite hostname="tahmid_anon" failures="0" tests="4" name="D42.orangeHRMTest" time="7.594" errors="0" timestamp="2025-01-18T17:00:52 GMT+06:00" skipped="0">
  <testcase classname="D42.orangeHRMTest" name="openApp" time="4.227"/>
  <system-out/>
  <testcase classname="D42.orangeHRMTest" name="testlogo" time="3.034"/>
  <system-out/>
  <testcase classname="D42.orangeHRMTest" name="testlogin" time="0.205"/>
  <system-out/>
  <testcase classname="D42.orangeHRMTest" name="closeApp" time="0.128"/>
  <system-out/>
</testsuite> <!-- D42.orangeHRMTest -->
