<?xml version="1.0" encoding="UTF-8"?>
<!-- Generated by org.testng.reporters.JUnitReportReporter -->
<testsuite hostname="tahmid_anon" failures="0" tests="2" name="D43.allAnnotations" time="0.012" errors="0" timestamp="2025-01-18T19:38:51 GMT+06:00" skipped="0">
  <testcase classname="D43.allAnnotations" name="tm1" time="0.010"/>
  <system-out/>
  <testcase classname="D43.allAnnotations" name="tm2" time="0.002"/>
  <system-out/>
</testsuite> <!-- D43.allAnnotations -->
